{"name": "test_filtrar_eventos_destacados_facultad", "status": "broken", "statusDetails": {"message": "selenium.common.exceptions.TimeoutException: Message: \nStacktrace:\n#0 0x55e1e3ea413a <unknown>\n#1 0x55e1e3b8a5e0 <unknown>\n#2 0x55e1e3bd9be8 <unknown>\n#3 0x55e1e3bd9e81 <unknown>\n#4 0x55e1e3c208c4 <unknown>\n#5 0x55e1e3bfeb4d <unknown>\n#6 0x55e1e3c1dd7d <unknown>\n#7 0x55e1e3bfe8c3 <unknown>\n#8 0x55e1e3bcc6b3 <unknown>\n#9 0x55e1e3bcd68e <unknown>\n#10 0x55e1e3e6eb3b <unknown>\n#11 0x55e1e3e72ac1 <unknown>\n#12 0x55e1e3e5b335 <unknown>\n#13 0x55e1e3e73642 <unknown>\n#14 0x55e1e3e4049f <unknown>\n#15 0x55e1e3e93038 <unknown>\n#16 0x55e1e3e93203 <unknown>\n#17 0x55e1e3ea2f8c <unknown>\n#18 0x7f5f09e51a94 <unknown>\n#19 0x7f5f09edec3c <unknown>", "trace": "driver = <selenium.webdriver.remote.webdriver.WebDriver (session=\"ab13350664398ea30cf407a6bb297ef7\")>\n\n>   ???\n\nC:\\Users\\Jean_\\proyecto-si8811a-2024-ii-u1-pruebas-cano-valverde\\Valverde-Cano-Pruebas\\Features\\steps\\test_home_steps.py:53: \n_ _ _ _ _ _ _ _ _ _ _ _ _ _ _ _ _ _ _ _ _ _ _ _ _ _ _ _ _ _ _ _ _ _ _ _ _ _ _ _\n\nself = <selenium.webdriver.support.wait.WebDriverWait (session=\"ab13350664398ea30cf407a6bb297ef7\")>\nmethod = <function element_to_be_clickable.<locals>._predicate at 0x0000020AFD5D20C0>\nmessage = ''\n\n    def until(self, method: Callable[[D], Union[Literal[False], T]], message: str = \"\") -> T:\n        \"\"\"Calls the method provided with the driver as an argument until the \\\n        return value does not evaluate to ``False``.\n    \n        :param method: callable(WebDriver)\n        :param message: optional message for :exc:`TimeoutException`\n        :returns: the result of the last call to `method`\n        :raises: :exc:`selenium.common.exceptions.TimeoutException` if timeout occurs\n        \"\"\"\n        screen = None\n        stacktrace = None\n    \n        end_time = time.monotonic() + self._timeout\n        while True:\n            try:\n                value = method(self._driver)\n                if value:\n                    return value\n            except self._ignored_exceptions as exc:\n                screen = getattr(exc, \"screen\", None)\n                stacktrace = getattr(exc, \"stacktrace\", None)\n            time.sleep(self._poll)\n            if time.monotonic() > end_time:\n                break\n>       raise TimeoutException(message, screen, stacktrace)\nE       selenium.common.exceptions.TimeoutException: Message: \nE       Stacktrace:\nE       #0 0x55e1e3ea413a <unknown>\nE       #1 0x55e1e3b8a5e0 <unknown>\nE       #2 0x55e1e3bd9be8 <unknown>\nE       #3 0x55e1e3bd9e81 <unknown>\nE       #4 0x55e1e3c208c4 <unknown>\nE       #5 0x55e1e3bfeb4d <unknown>\nE       #6 0x55e1e3c1dd7d <unknown>\nE       #7 0x55e1e3bfe8c3 <unknown>\nE       #8 0x55e1e3bcc6b3 <unknown>\nE       #9 0x55e1e3bcd68e <unknown>\nE       #10 0x55e1e3e6eb3b <unknown>\nE       #11 0x55e1e3e72ac1 <unknown>\nE       #12 0x55e1e3e5b335 <unknown>\nE       #13 0x55e1e3e73642 <unknown>\nE       #14 0x55e1e3e4049f <unknown>\nE       #15 0x55e1e3e93038 <unknown>\nE       #16 0x55e1e3e93203 <unknown>\nE       #17 0x55e1e3ea2f8c <unknown>\nE       #18 0x7f5f09e51a94 <unknown>\nE       #19 0x7f5f09edec3c <unknown>\n\nmyenv\\Lib\\site-packages\\selenium\\webdriver\\support\\wait.py:105: TimeoutException"}, "steps": [{"name": "Abrir la página principal", "status": "passed", "start": 1728162104554, "stop": 1728162108173}, {"name": "Seleccionar cada facultad desde el dropdown en la página principal", "status": "broken", "statusDetails": {"message": "selenium.common.exceptions.TimeoutException: Message: \nStacktrace:\n#0 0x55e1e3ea413a <unknown>\n#1 0x55e1e3b8a5e0 <unknown>\n#2 0x55e1e3bd9be8 <unknown>\n#3 0x55e1e3bd9e81 <unknown>\n#4 0x55e1e3c208c4 <unknown>\n#5 0x55e1e3bfeb4d <unknown>\n#6 0x55e1e3c1dd7d <unknown>\n#7 0x55e1e3bfe8c3 <unknown>\n#8 0x55e1e3bcc6b3 <unknown>\n#9 0x55e1e3bcd68e <unknown>\n#10 0x55e1e3e6eb3b <unknown>\n#11 0x55e1e3e72ac1 <unknown>\n#12 0x55e1e3e5b335 <unknown>\n#13 0x55e1e3e73642 <unknown>\n#14 0x55e1e3e4049f <unknown>\n#15 0x55e1e3e93038 <unknown>\n#16 0x55e1e3e93203 <unknown>\n#17 0x55e1e3ea2f8c <unknown>\n#18 0x7f5f09e51a94 <unknown>\n#19 0x7f5f09edec3c <unknown>\n\n", "trace": "  File \"C:\\Users\\Jean_\\proyecto-si8811a-2024-ii-u1-pruebas-cano-valverde\\Valverde-Cano-Pruebas\\Features\\steps\\test_home_steps.py\", line 53, in test_filtrar_eventos_destacados_facultad\n  File \"C:\\Users\\HP\\Desktop\\Valverde-Cano-Pruebas\\myenv\\Lib\\site-packages\\selenium\\webdriver\\support\\wait.py\", line 105, in until\n    raise TimeoutException(message, screen, stacktrace)\n"}, "start": 1728162108173, "stop": 1728162118259}], "start": 1728162104554, "stop": 1728162118260, "uuid": "a0ec15c3-51b1-43ad-81f6-e73c8621cdbd", "historyId": "a0c5fa2b86cedff7805d19046b5d3cf4", "testCaseId": "a0c5fa2b86cedff7805d19046b5d3cf4", "fullName": "Features.steps.test_home_steps#test_filtrar_eventos_destacados_facultad", "labels": [{"name": "tag", "value": "edge"}, {"name": "tag", "value": "firefox"}, {"name": "tag", "value": "chrome"}, {"name": "parentSuite", "value": "Features.steps"}, {"name": "suite", "value": "test_home_steps"}, {"name": "host", "value": "DESKTOP-SIPFVOG"}, {"name": "thread", "value": "4552-MainThread"}, {"name": "framework", "value": "pytest"}, {"name": "language", "value": "cpython3"}, {"name": "package", "value": "Features.steps.test_home_steps"}]}