{"name": "test_verificar_lugares_y_barra_navegacion[firefox]", "status": "broken", "statusDetails": {"message": "selenium.common.exceptions.TimeoutException: Message: \nStacktrace:\nRemoteError@chrome://remote/content/shared/RemoteError.sys.mjs:8:8\nWebDriverError@chrome://remote/content/shared/webdriver/Errors.sys.mjs:193:5\nNoSuchElementError@chrome://remote/content/shared/webdriver/Errors.sys.mjs:511:5\ndom.find/</<@chrome://remote/content/shared/DOM.sys.mjs:136:16", "trace": "driver = <selenium.webdriver.remote.webdriver.WebDriver (session=\"df6f6bc2-17ce-40a6-aa48-f658fdc89ae0\")>\n\n    @allure.feature('Pruebas Lugares')\n    @allure.story('Verificación de lugares y barra de navegación en la página Lugares')\n    @pytest.mark.chrome\n    @pytest.mark.firefox\n    @pytest.mark.edge\n    def test_verificar_lugares_y_barra_navegacion(driver):\n        with allure.step(\"Abrir la página de Lugares\"):\n            driver.get(\"http://161.132.50.153/lugares\")\n            sleep(3)\n    \n        with allure.step(\"Verificar la existencia de los lugares\"):\n            lugares = [\n                \"Gimnasio UPT\", \"Aula Magna\", \"Cafetería UPT\", \"Sala de Ensayos\",\n                \"Auditorio Principal\", \"Sala de Juegos\", \"Sala de Música\",\n                \"Centro de Idiomas\", \"Auditorio de Deportes\", \"Plaza UPT\",\n                \"Estadio Universitario\", \"Laboratorio de Computación\", \"Laboratorio de Ciencias\",\n                \"Espacio de Innovación\", \"Centro de Recursos\", \"Sala de Conferencias\",\n                \"Zona Recreativa\"\n            ]\n            for lugar in lugares:\n                try:\n                    lugar_element = WebDriverWait(driver, 20).until(\n                        EC.visibility_of_element_located((By.XPATH, f\"//h3[contains(text(), '{lugar}')]\"))\n                    )\n                    assert lugar_element.is_displayed(), f\"{lugar} no se muestra correctamente.\"\n                except TimeoutException:\n                    pytest.fail(f\"{lugar} no se encontró o no es visible.\")\n    \n        with allure.step(\"Verificar el funcionamiento de la barra de navegación y volver a Lugares\"):\n            menus = {\n                \"Inicio\": \"http://161.132.50.153/\",\n                \"Acerca de\": \"http://161.132.50.153/about\",\n                \"Eventos\": \"http://161.132.50.153/eventos\",\n                \"Equipos\": \"http://161.132.50.153/equipos\",\n                \"Participantes\": \"http://161.132.50.153/participantes\"\n            }\n    \n            for menu, url in menus.items():\n                with allure.step(f\"Hacer clic en el menú '{menu}'\"):\n>                   menu_button = WebDriverWait(driver, 20).until(\n                        EC.element_to_be_clickable((By.LINK_TEXT, menu))\n                    )\n\nFeatures\\steps\\test_lugares_steps.py:47: \n_ _ _ _ _ _ _ _ _ _ _ _ _ _ _ _ _ _ _ _ _ _ _ _ _ _ _ _ _ _ _ _ _ _ _ _ _ _ _ _\n\nself = <selenium.webdriver.support.wait.WebDriverWait (session=\"df6f6bc2-17ce-40a6-aa48-f658fdc89ae0\")>\nmethod = <function element_to_be_clickable.<locals>._predicate at 0x0000015CEE480360>\nmessage = ''\n\n    def until(self, method: Callable[[D], Union[Literal[False], T]], message: str = \"\") -> T:\n        \"\"\"Calls the method provided with the driver as an argument until the \\\n        return value does not evaluate to ``False``.\n    \n        :param method: callable(WebDriver)\n        :param message: optional message for :exc:`TimeoutException`\n        :returns: the result of the last call to `method`\n        :raises: :exc:`selenium.common.exceptions.TimeoutException` if timeout occurs\n        \"\"\"\n        screen = None\n        stacktrace = None\n    \n        end_time = time.monotonic() + self._timeout\n        while True:\n            try:\n                value = method(self._driver)\n                if value:\n                    return value\n            except self._ignored_exceptions as exc:\n                screen = getattr(exc, \"screen\", None)\n                stacktrace = getattr(exc, \"stacktrace\", None)\n            time.sleep(self._poll)\n            if time.monotonic() > end_time:\n                break\n>       raise TimeoutException(message, screen, stacktrace)\nE       selenium.common.exceptions.TimeoutException: Message: \nE       Stacktrace:\nE       RemoteError@chrome://remote/content/shared/RemoteError.sys.mjs:8:8\nE       WebDriverError@chrome://remote/content/shared/webdriver/Errors.sys.mjs:193:5\nE       NoSuchElementError@chrome://remote/content/shared/webdriver/Errors.sys.mjs:511:5\nE       dom.find/</<@chrome://remote/content/shared/DOM.sys.mjs:136:16\n\nmyenv\\Lib\\site-packages\\selenium\\webdriver\\support\\wait.py:105: TimeoutException"}, "steps": [{"name": "Abrir la página de Lugares", "status": "passed", "start": 1728758169406, "stop": 1728758172604}, {"name": "Verificar la existencia de los lugares", "status": "passed", "start": 1728758172604, "stop": 1728758175431}, {"name": "Verificar el funcionamiento de la barra de navegación y volver a Lugares", "status": "broken", "statusDetails": {"message": "selenium.common.exceptions.TimeoutException: Message: \nStacktrace:\nRemoteError@chrome://remote/content/shared/RemoteError.sys.mjs:8:8\nWebDriverError@chrome://remote/content/shared/webdriver/Errors.sys.mjs:193:5\nNoSuchElementError@chrome://remote/content/shared/webdriver/Errors.sys.mjs:511:5\ndom.find/</<@chrome://remote/content/shared/DOM.sys.mjs:136:16\n\n", "trace": "  File \"C:\\Users\\HP\\proyecto-si8811a-2024-ii-u1-pruebas-cano-valverde\\LocalDockerTests\\Version_estable_4\\Features\\steps\\test_lugares_steps.py\", line 47, in test_verificar_lugares_y_barra_navegacion\n    menu_button = WebDriverWait(driver, 20).until(\n                  ^^^^^^^^^^^^^^^^^^^^^^^^^^^^^^^^\n  File \"C:\\Users\\HP\\proyecto-si8811a-2024-ii-u1-pruebas-cano-valverde\\LocalDockerTests\\Version_estable_4\\myenv\\Lib\\site-packages\\selenium\\webdriver\\support\\wait.py\", line 105, in until\n    raise TimeoutException(message, screen, stacktrace)\n"}, "steps": [{"name": "Hacer clic en el menú 'Inicio'", "status": "passed", "start": 1728758175431, "stop": 1728758177889}, {"name": "Hacer clic en el menú 'Acerca de'", "status": "passed", "start": 1728758177889, "stop": 1728758180346}, {"name": "Hacer clic en el menú 'Eventos'", "status": "passed", "start": 1728758180346, "stop": 1728758182797}, {"name": "Hacer clic en el menú 'Equipos'", "status": "passed", "start": 1728758182797, "stop": 1728758185246}, {"name": "Hacer clic en el menú 'Participantes'", "status": "broken", "statusDetails": {"message": "selenium.common.exceptions.TimeoutException: Message: \nStacktrace:\nRemoteError@chrome://remote/content/shared/RemoteError.sys.mjs:8:8\nWebDriverError@chrome://remote/content/shared/webdriver/Errors.sys.mjs:193:5\nNoSuchElementError@chrome://remote/content/shared/webdriver/Errors.sys.mjs:511:5\ndom.find/</<@chrome://remote/content/shared/DOM.sys.mjs:136:16\n\n", "trace": "  File \"C:\\Users\\HP\\proyecto-si8811a-2024-ii-u1-pruebas-cano-valverde\\LocalDockerTests\\Version_estable_4\\Features\\steps\\test_lugares_steps.py\", line 47, in test_verificar_lugares_y_barra_navegacion\n    menu_button = WebDriverWait(driver, 20).until(\n                  ^^^^^^^^^^^^^^^^^^^^^^^^^^^^^^^^\n  File \"C:\\Users\\HP\\proyecto-si8811a-2024-ii-u1-pruebas-cano-valverde\\LocalDockerTests\\Version_estable_4\\myenv\\Lib\\site-packages\\selenium\\webdriver\\support\\wait.py\", line 105, in until\n    raise TimeoutException(message, screen, stacktrace)\n"}, "start": 1728758185246, "stop": 1728758205304}], "start": 1728758175431, "stop": 1728758205304}], "parameters": [{"name": "driver", "value": "'firefox'"}], "start": 1728758169406, "stop": 1728758205304, "uuid": "c16b5f0e-72ee-4e35-b0e4-95d5bb9ab016", "historyId": "de857d1ee7b2b8f5ad87361924f504b4", "testCaseId": "fe882df942687e39ec685055fd22d0b9", "fullName": "Features.steps.test_lugares_steps#test_verificar_lugares_y_barra_navegacion", "labels": [{"name": "story", "value": "Verificación de lugares y barra de navegación en la página Lugares"}, {"name": "feature", "value": "Pruebas Lugares"}, {"name": "tag", "value": "edge"}, {"name": "tag", "value": "firefox"}, {"name": "tag", "value": "chrome"}, {"name": "parentSuite", "value": "Features.steps"}, {"name": "suite", "value": "test_lugares_steps"}, {"name": "host", "value": "DESKTOP-SIPFVOG"}, {"name": "thread", "value": "19304-MainThread"}, {"name": "framework", "value": "pytest"}, {"name": "language", "value": "cpython3"}, {"name": "package", "value": "Features.steps.test_lugares_steps"}]}