{"name": "test_verificar_equipos_y_barra_navegacion[firefox]", "status": "broken", "statusDetails": {"message": "selenium.common.exceptions.TimeoutException: Message: \nStacktrace:\nRemoteError@chrome://remote/content/shared/RemoteError.sys.mjs:8:8\nWebDriverError@chrome://remote/content/shared/webdriver/Errors.sys.mjs:193:5\nNoSuchElementError@chrome://remote/content/shared/webdriver/Errors.sys.mjs:511:5\ndom.find/</<@chrome://remote/content/shared/DOM.sys.mjs:136:16", "trace": "driver = <selenium.webdriver.remote.webdriver.WebDriver (session=\"aca67c91-a0b6-4ca9-acae-09503540ea62\")>\n\n    @allure.feature('Pruebas Equipos')\n    @allure.story('Verificación de equipos y barra de navegación en la página Equipos')\n    @pytest.mark.chrome\n    @pytest.mark.firefox\n    @pytest.mark.edge\n    def test_verificar_equipos_y_barra_navegacion(driver):\n        with allure.step(\"Abrir la página de Equipos\"):\n            driver.get(\"http://161.132.50.153/equipos\")\n            sleep(3)\n    \n        with allure.step(\"Verificar la existencia de los equipos\"):\n            equipos = [\"Equipo A\", \"Equipo B\", \"Team Prueba\"]\n            for equipo in equipos:\n                try:\n                    equipo_element = WebDriverWait(driver, 20).until(\n                        EC.visibility_of_element_located((By.XPATH, f\"//h3[contains(text(), '{equipo}')]\"))\n                    )\n                    assert equipo_element.is_displayed(), f\"{equipo} no se muestra correctamente.\"\n                except TimeoutException:\n                    pytest.fail(f\"{equipo} no se encontró o no es visible.\")\n    \n        with allure.step(\"Verificar el funcionamiento de la barra de navegación y volver a Equipos\"):\n            menus = {\n                \"Inicio\": \"http://161.132.50.153/\",\n                \"Acerca de\": \"http://161.132.50.153/about\",\n                \"Eventos\": \"http://161.132.50.153/eventos\",\n                \"Participantes\": \"http://161.132.50.153/participantes\",\n                \"Lugares\": \"http://161.132.50.153/lugares\"\n            }\n    \n            for menu, url in menus.items():\n                with allure.step(f\"Hacer clic en el menú '{menu}'\"):\n>                   menu_button = WebDriverWait(driver, 20).until(\n                        EC.element_to_be_clickable((By.LINK_TEXT, menu))\n                    )\n\nFeatures\\steps\\test_equipos_steps.py:40: \n_ _ _ _ _ _ _ _ _ _ _ _ _ _ _ _ _ _ _ _ _ _ _ _ _ _ _ _ _ _ _ _ _ _ _ _ _ _ _ _\n\nself = <selenium.webdriver.support.wait.WebDriverWait (session=\"aca67c91-a0b6-4ca9-acae-09503540ea62\")>\nmethod = <function element_to_be_clickable.<locals>._predicate at 0x000001F70FEE6DE0>\nmessage = ''\n\n    def until(self, method: Callable[[D], Union[Literal[False], T]], message: str = \"\") -> T:\n        \"\"\"Calls the method provided with the driver as an argument until the \\\n        return value does not evaluate to ``False``.\n    \n        :param method: callable(WebDriver)\n        :param message: optional message for :exc:`TimeoutException`\n        :returns: the result of the last call to `method`\n        :raises: :exc:`selenium.common.exceptions.TimeoutException` if timeout occurs\n        \"\"\"\n        screen = None\n        stacktrace = None\n    \n        end_time = time.monotonic() + self._timeout\n        while True:\n            try:\n                value = method(self._driver)\n                if value:\n                    return value\n            except self._ignored_exceptions as exc:\n                screen = getattr(exc, \"screen\", None)\n                stacktrace = getattr(exc, \"stacktrace\", None)\n            time.sleep(self._poll)\n            if time.monotonic() > end_time:\n                break\n>       raise TimeoutException(message, screen, stacktrace)\nE       selenium.common.exceptions.TimeoutException: Message: \nE       Stacktrace:\nE       RemoteError@chrome://remote/content/shared/RemoteError.sys.mjs:8:8\nE       WebDriverError@chrome://remote/content/shared/webdriver/Errors.sys.mjs:193:5\nE       NoSuchElementError@chrome://remote/content/shared/webdriver/Errors.sys.mjs:511:5\nE       dom.find/</<@chrome://remote/content/shared/DOM.sys.mjs:136:16\n\nmyenv\\Lib\\site-packages\\selenium\\webdriver\\support\\wait.py:105: TimeoutException"}, "steps": [{"name": "Abrir la página de Equipos", "status": "passed", "start": 1728758132323, "stop": 1728758135756}, {"name": "Verificar la existencia de los equipos", "status": "passed", "start": 1728758135756, "stop": 1728758136233}, {"name": "Verificar el funcionamiento de la barra de navegación y volver a Equipos", "status": "broken", "statusDetails": {"message": "selenium.common.exceptions.TimeoutException: Message: \nStacktrace:\nRemoteError@chrome://remote/content/shared/RemoteError.sys.mjs:8:8\nWebDriverError@chrome://remote/content/shared/webdriver/Errors.sys.mjs:193:5\nNoSuchElementError@chrome://remote/content/shared/webdriver/Errors.sys.mjs:511:5\ndom.find/</<@chrome://remote/content/shared/DOM.sys.mjs:136:16\n\n", "trace": "  File \"C:\\Users\\HP\\proyecto-si8811a-2024-ii-u1-pruebas-cano-valverde\\LocalDockerTests\\Version_estable_4\\Features\\steps\\test_equipos_steps.py\", line 40, in test_verificar_equipos_y_barra_navegacion\n    menu_button = WebDriverWait(driver, 20).until(\n                  ^^^^^^^^^^^^^^^^^^^^^^^^^^^^^^^^\n  File \"C:\\Users\\HP\\proyecto-si8811a-2024-ii-u1-pruebas-cano-valverde\\LocalDockerTests\\Version_estable_4\\myenv\\Lib\\site-packages\\selenium\\webdriver\\support\\wait.py\", line 105, in until\n    raise TimeoutException(message, screen, stacktrace)\n"}, "steps": [{"name": "Hacer clic en el menú 'Inicio'", "status": "passed", "start": 1728758136233, "stop": 1728758138692}, {"name": "Hacer clic en el menú 'Acerca de'", "status": "passed", "start": 1728758138692, "stop": 1728758141152}, {"name": "Hacer clic en el menú 'Eventos'", "status": "passed", "start": 1728758141152, "stop": 1728758143622}, {"name": "Hacer clic en el menú 'Participantes'", "status": "broken", "statusDetails": {"message": "selenium.common.exceptions.TimeoutException: Message: \nStacktrace:\nRemoteError@chrome://remote/content/shared/RemoteError.sys.mjs:8:8\nWebDriverError@chrome://remote/content/shared/webdriver/Errors.sys.mjs:193:5\nNoSuchElementError@chrome://remote/content/shared/webdriver/Errors.sys.mjs:511:5\ndom.find/</<@chrome://remote/content/shared/DOM.sys.mjs:136:16\n\n", "trace": "  File \"C:\\Users\\HP\\proyecto-si8811a-2024-ii-u1-pruebas-cano-valverde\\LocalDockerTests\\Version_estable_4\\Features\\steps\\test_equipos_steps.py\", line 40, in test_verificar_equipos_y_barra_navegacion\n    menu_button = WebDriverWait(driver, 20).until(\n                  ^^^^^^^^^^^^^^^^^^^^^^^^^^^^^^^^\n  File \"C:\\Users\\HP\\proyecto-si8811a-2024-ii-u1-pruebas-cano-valverde\\LocalDockerTests\\Version_estable_4\\myenv\\Lib\\site-packages\\selenium\\webdriver\\support\\wait.py\", line 105, in until\n    raise TimeoutException(message, screen, stacktrace)\n"}, "start": 1728758143622, "stop": 1728758163668}], "start": 1728758136233, "stop": 1728758163668}], "parameters": [{"name": "driver", "value": "'firefox'"}], "start": 1728758132323, "stop": 1728758163668, "uuid": "51c6cc80-036d-42a7-80a9-c9e5788e8263", "historyId": "817d679635648d246dab5cded5bd2343", "testCaseId": "9a70d443e719e4c69a16ca0f8be7403e", "fullName": "Features.steps.test_equipos_steps#test_verificar_equipos_y_barra_navegacion", "labels": [{"name": "feature", "value": "Pruebas Equipos"}, {"name": "story", "value": "Verificación de equipos y barra de navegación en la página Equipos"}, {"name": "tag", "value": "edge"}, {"name": "tag", "value": "firefox"}, {"name": "tag", "value": "chrome"}, {"name": "parentSuite", "value": "Features.steps"}, {"name": "suite", "value": "test_equipos_steps"}, {"name": "host", "value": "DESKTOP-SIPFVOG"}, {"name": "thread", "value": "6352-MainThread"}, {"name": "framework", "value": "pytest"}, {"name": "language", "value": "cpython3"}, {"name": "package", "value": "Features.steps.test_equipos_steps"}]}