{"name": "test_verificar_equipos_y_barra_navegacion[edge]", "status": "broken", "statusDetails": {"message": "selenium.common.exceptions.TimeoutException: Message: \nStacktrace:\n#0 0x5581812031ce <unknown>\n#1 0x558180ec6686 <unknown>\n#2 0x558180f16083 <unknown>\n#3 0x558180f161a1 <unknown>\n#4 0x558180f5cc84 <unknown>\n#5 0x558180f3b29d <unknown>\n#6 0x558180f5a72e <unknown>\n#7 0x558180f3b013 <unknown>\n#8 0x558180f0919d <unknown>\n#9 0x558180f09e8e <unknown>\n#10 0x5581811d6181 <unknown>\n#11 0x5581811d93ed <unknown>\n#12 0x5581811d8e6b <unknown>\n#13 0x5581811d9855 <unknown>\n#14 0x5581811c77e2 <unknown>\n#15 0x5581811d9bdd <unknown>\n#16 0x5581811b22d5 <unknown>\n#17 0x5581811f3758 <unknown>\n#18 0x5581811f396d <unknown>\n#19 0x558181202011 <unknown>\n#20 0x7fb32cf42a94 <unknown>\n#21 0x7fb32cfcfc3c <unknown>", "trace": "driver = <selenium.webdriver.remote.webdriver.WebDriver (session=\"b08d947d1893911b9ac2feb3cde4841e\")>\n\n    @allure.feature('Pruebas Equipos')\n    @allure.story('Verificación de equipos y barra de navegación en la página Equipos')\n    @pytest.mark.chrome\n    @pytest.mark.firefox\n    @pytest.mark.edge\n    def test_verificar_equipos_y_barra_navegacion(driver):\n        with allure.step(\"Abrir la página de Equipos\"):\n            driver.get(\"http://161.132.50.153/equipos\")\n            sleep(3)\n    \n        with allure.step(\"Verificar la existencia de los equipos\"):\n            equipos = [\"Equipo A\", \"Equipo B\", \"Team Prueba\"]\n            for equipo in equipos:\n                try:\n                    equipo_element = WebDriverWait(driver, 20).until(\n                        EC.visibility_of_element_located((By.XPATH, f\"//h3[contains(text(), '{equipo}')]\"))\n                    )\n                    assert equipo_element.is_displayed(), f\"{equipo} no se muestra correctamente.\"\n                except TimeoutException:\n                    pytest.fail(f\"{equipo} no se encontró o no es visible.\")\n    \n        with allure.step(\"Verificar el funcionamiento de la barra de navegación y volver a Equipos\"):\n            menus = {\n                \"Inicio\": \"http://161.132.50.153/\",\n                \"Acerca de\": \"http://161.132.50.153/about\",\n                \"Eventos\": \"http://161.132.50.153/eventos\",\n                \"Participantes\": \"http://161.132.50.153/participantes\",\n                \"Lugares\": \"http://161.132.50.153/lugares\"\n            }\n    \n            for menu, url in menus.items():\n                with allure.step(f\"Hacer clic en el menú '{menu}'\"):\n>                   menu_button = WebDriverWait(driver, 20).until(\n                        EC.element_to_be_clickable((By.LINK_TEXT, menu))\n                    )\n\nFeatures\\steps\\test_equipos_steps.py:40: \n_ _ _ _ _ _ _ _ _ _ _ _ _ _ _ _ _ _ _ _ _ _ _ _ _ _ _ _ _ _ _ _ _ _ _ _ _ _ _ _\n\nself = <selenium.webdriver.support.wait.WebDriverWait (session=\"b08d947d1893911b9ac2feb3cde4841e\")>\nmethod = <function element_to_be_clickable.<locals>._predicate at 0x000001F7102F0A40>\nmessage = ''\n\n    def until(self, method: Callable[[D], Union[Literal[False], T]], message: str = \"\") -> T:\n        \"\"\"Calls the method provided with the driver as an argument until the \\\n        return value does not evaluate to ``False``.\n    \n        :param method: callable(WebDriver)\n        :param message: optional message for :exc:`TimeoutException`\n        :returns: the result of the last call to `method`\n        :raises: :exc:`selenium.common.exceptions.TimeoutException` if timeout occurs\n        \"\"\"\n        screen = None\n        stacktrace = None\n    \n        end_time = time.monotonic() + self._timeout\n        while True:\n            try:\n                value = method(self._driver)\n                if value:\n                    return value\n            except self._ignored_exceptions as exc:\n                screen = getattr(exc, \"screen\", None)\n                stacktrace = getattr(exc, \"stacktrace\", None)\n            time.sleep(self._poll)\n            if time.monotonic() > end_time:\n                break\n>       raise TimeoutException(message, screen, stacktrace)\nE       selenium.common.exceptions.TimeoutException: Message: \nE       Stacktrace:\nE       #0 0x5581812031ce <unknown>\nE       #1 0x558180ec6686 <unknown>\nE       #2 0x558180f16083 <unknown>\nE       #3 0x558180f161a1 <unknown>\nE       #4 0x558180f5cc84 <unknown>\nE       #5 0x558180f3b29d <unknown>\nE       #6 0x558180f5a72e <unknown>\nE       #7 0x558180f3b013 <unknown>\nE       #8 0x558180f0919d <unknown>\nE       #9 0x558180f09e8e <unknown>\nE       #10 0x5581811d6181 <unknown>\nE       #11 0x5581811d93ed <unknown>\nE       #12 0x5581811d8e6b <unknown>\nE       #13 0x5581811d9855 <unknown>\nE       #14 0x5581811c77e2 <unknown>\nE       #15 0x5581811d9bdd <unknown>\nE       #16 0x5581811b22d5 <unknown>\nE       #17 0x5581811f3758 <unknown>\nE       #18 0x5581811f396d <unknown>\nE       #19 0x558181202011 <unknown>\nE       #20 0x7fb32cf42a94 <unknown>\nE       #21 0x7fb32cfcfc3c <unknown>\n\nmyenv\\Lib\\site-packages\\selenium\\webdriver\\support\\wait.py:105: TimeoutException"}, "steps": [{"name": "Abrir la página de Equipos", "status": "passed", "start": 1728758184665, "stop": 1728758190182}, {"name": "Verificar la existencia de los equipos", "status": "passed", "start": 1728758190182, "stop": 1728758190720}, {"name": "Verificar el funcionamiento de la barra de navegación y volver a Equipos", "status": "broken", "statusDetails": {"message": "selenium.common.exceptions.TimeoutException: Message: \nStacktrace:\n#0 0x5581812031ce <unknown>\n#1 0x558180ec6686 <unknown>\n#2 0x558180f16083 <unknown>\n#3 0x558180f161a1 <unknown>\n#4 0x558180f5cc84 <unknown>\n#5 0x558180f3b29d <unknown>\n#6 0x558180f5a72e <unknown>\n#7 0x558180f3b013 <unknown>\n#8 0x558180f0919d <unknown>\n#9 0x558180f09e8e <unknown>\n#10 0x5581811d6181 <unknown>\n#11 0x5581811d93ed <unknown>\n#12 0x5581811d8e6b <unknown>\n#13 0x5581811d9855 <unknown>\n#14 0x5581811c77e2 <unknown>\n#15 0x5581811d9bdd <unknown>\n#16 0x5581811b22d5 <unknown>\n#17 0x5581811f3758 <unknown>\n#18 0x5581811f396d <unknown>\n#19 0x558181202011 <unknown>\n#20 0x7fb32cf42a94 <unknown>\n#21 0x7fb32cfcfc3c <unknown>\n\n", "trace": "  File \"C:\\Users\\HP\\proyecto-si8811a-2024-ii-u1-pruebas-cano-valverde\\LocalDockerTests\\Version_estable_4\\Features\\steps\\test_equipos_steps.py\", line 40, in test_verificar_equipos_y_barra_navegacion\n    menu_button = WebDriverWait(driver, 20).until(\n                  ^^^^^^^^^^^^^^^^^^^^^^^^^^^^^^^^\n  File \"C:\\Users\\HP\\proyecto-si8811a-2024-ii-u1-pruebas-cano-valverde\\LocalDockerTests\\Version_estable_4\\myenv\\Lib\\site-packages\\selenium\\webdriver\\support\\wait.py\", line 105, in until\n    raise TimeoutException(message, screen, stacktrace)\n"}, "steps": [{"name": "Hacer clic en el menú 'Inicio'", "status": "passed", "start": 1728758190720, "stop": 1728758193031}, {"name": "Hacer clic en el menú 'Acerca de'", "status": "passed", "start": 1728758193031, "stop": 1728758195320}, {"name": "Hacer clic en el menú 'Eventos'", "status": "passed", "start": 1728758195320, "stop": 1728758197591}, {"name": "Hacer clic en el menú 'Participantes'", "status": "broken", "statusDetails": {"message": "selenium.common.exceptions.TimeoutException: Message: \nStacktrace:\n#0 0x5581812031ce <unknown>\n#1 0x558180ec6686 <unknown>\n#2 0x558180f16083 <unknown>\n#3 0x558180f161a1 <unknown>\n#4 0x558180f5cc84 <unknown>\n#5 0x558180f3b29d <unknown>\n#6 0x558180f5a72e <unknown>\n#7 0x558180f3b013 <unknown>\n#8 0x558180f0919d <unknown>\n#9 0x558180f09e8e <unknown>\n#10 0x5581811d6181 <unknown>\n#11 0x5581811d93ed <unknown>\n#12 0x5581811d8e6b <unknown>\n#13 0x5581811d9855 <unknown>\n#14 0x5581811c77e2 <unknown>\n#15 0x5581811d9bdd <unknown>\n#16 0x5581811b22d5 <unknown>\n#17 0x5581811f3758 <unknown>\n#18 0x5581811f396d <unknown>\n#19 0x558181202011 <unknown>\n#20 0x7fb32cf42a94 <unknown>\n#21 0x7fb32cfcfc3c <unknown>\n\n", "trace": "  File \"C:\\Users\\HP\\proyecto-si8811a-2024-ii-u1-pruebas-cano-valverde\\LocalDockerTests\\Version_estable_4\\Features\\steps\\test_equipos_steps.py\", line 40, in test_verificar_equipos_y_barra_navegacion\n    menu_button = WebDriverWait(driver, 20).until(\n                  ^^^^^^^^^^^^^^^^^^^^^^^^^^^^^^^^\n  File \"C:\\Users\\HP\\proyecto-si8811a-2024-ii-u1-pruebas-cano-valverde\\LocalDockerTests\\Version_estable_4\\myenv\\Lib\\site-packages\\selenium\\webdriver\\support\\wait.py\", line 105, in until\n    raise TimeoutException(message, screen, stacktrace)\n"}, "start": 1728758197591, "stop": 1728758217925}], "start": 1728758190720, "stop": 1728758217925}], "parameters": [{"name": "driver", "value": "'edge'"}], "start": 1728758184665, "stop": 1728758217925, "uuid": "e5e3db71-bc4d-4344-9eb8-21edb770e0bb", "historyId": "c2efd711b99554a19db1d17720e34635", "testCaseId": "9a70d443e719e4c69a16ca0f8be7403e", "fullName": "Features.steps.test_equipos_steps#test_verificar_equipos_y_barra_navegacion", "labels": [{"name": "feature", "value": "Pruebas Equipos"}, {"name": "story", "value": "Verificación de equipos y barra de navegación en la página Equipos"}, {"name": "tag", "value": "edge"}, {"name": "tag", "value": "firefox"}, {"name": "tag", "value": "chrome"}, {"name": "parentSuite", "value": "Features.steps"}, {"name": "suite", "value": "test_equipos_steps"}, {"name": "host", "value": "DESKTOP-SIPFVOG"}, {"name": "thread", "value": "6352-MainThread"}, {"name": "framework", "value": "pytest"}, {"name": "language", "value": "cpython3"}, {"name": "package", "value": "Features.steps.test_equipos_steps"}]}