{"name": "test_verificar_equipos_y_barra_navegacion[chrome]", "status": "broken", "statusDetails": {"message": "selenium.common.exceptions.TimeoutException: Message: \nStacktrace:\n#0 0x557f5afd113a <unknown>\n#1 0x557f5acb75e0 <unknown>\n#2 0x557f5ad06be8 <unknown>\n#3 0x557f5ad06e81 <unknown>\n#4 0x557f5ad4d8c4 <unknown>\n#5 0x557f5ad2bb4d <unknown>\n#6 0x557f5ad4ad7d <unknown>\n#7 0x557f5ad2b8c3 <unknown>\n#8 0x557f5acf96b3 <unknown>\n#9 0x557f5acfa68e <unknown>\n#10 0x557f5af9bb3b <unknown>\n#11 0x557f5af9fac1 <unknown>\n#12 0x557f5af88335 <unknown>\n#13 0x557f5afa0642 <unknown>\n#14 0x557f5af6d49f <unknown>\n#15 0x557f5afc0038 <unknown>\n#16 0x557f5afc0203 <unknown>\n#17 0x557f5afcff8c <unknown>\n#18 0x7f567974ca94 <unknown>\n#19 0x7f56797d9c3c <unknown>", "trace": "driver = <selenium.webdriver.remote.webdriver.WebDriver (session=\"a9f4cd4a71556954a15de5f7259b2eaa\")>\n\n    @allure.feature('Pruebas Equipos')\n    @allure.story('Verificación de equipos y barra de navegación en la página Equipos')\n    @pytest.mark.chrome\n    @pytest.mark.firefox\n    @pytest.mark.edge\n    def test_verificar_equipos_y_barra_navegacion(driver):\n        with allure.step(\"Abrir la página de Equipos\"):\n            driver.get(\"http://161.132.50.153/equipos\")\n            sleep(3)\n    \n        with allure.step(\"Verificar la existencia de los equipos\"):\n            equipos = [\"Equipo A\", \"Equipo B\", \"Team Prueba\"]\n            for equipo in equipos:\n                try:\n                    equipo_element = WebDriverWait(driver, 20).until(\n                        EC.visibility_of_element_located((By.XPATH, f\"//h3[contains(text(), '{equipo}')]\"))\n                    )\n                    assert equipo_element.is_displayed(), f\"{equipo} no se muestra correctamente.\"\n                except TimeoutException:\n                    pytest.fail(f\"{equipo} no se encontró o no es visible.\")\n    \n        with allure.step(\"Verificar el funcionamiento de la barra de navegación y volver a Equipos\"):\n            menus = {\n                \"Inicio\": \"http://161.132.50.153/\",\n                \"Acerca de\": \"http://161.132.50.153/about\",\n                \"Eventos\": \"http://161.132.50.153/eventos\",\n                \"Participantes\": \"http://161.132.50.153/participantes\",\n                \"Lugares\": \"http://161.132.50.153/lugares\"\n            }\n    \n            for menu, url in menus.items():\n                with allure.step(f\"Hacer clic en el menú '{menu}'\"):\n>                   menu_button = WebDriverWait(driver, 20).until(\n                        EC.element_to_be_clickable((By.LINK_TEXT, menu))\n                    )\n\nFeatures\\steps\\test_equipos_steps.py:40: \n_ _ _ _ _ _ _ _ _ _ _ _ _ _ _ _ _ _ _ _ _ _ _ _ _ _ _ _ _ _ _ _ _ _ _ _ _ _ _ _\n\nself = <selenium.webdriver.support.wait.WebDriverWait (session=\"a9f4cd4a71556954a15de5f7259b2eaa\")>\nmethod = <function element_to_be_clickable.<locals>._predicate at 0x00000213D85EDA80>\nmessage = ''\n\n    def until(self, method: Callable[[D], Union[Literal[False], T]], message: str = \"\") -> T:\n        \"\"\"Calls the method provided with the driver as an argument until the \\\n        return value does not evaluate to ``False``.\n    \n        :param method: callable(WebDriver)\n        :param message: optional message for :exc:`TimeoutException`\n        :returns: the result of the last call to `method`\n        :raises: :exc:`selenium.common.exceptions.TimeoutException` if timeout occurs\n        \"\"\"\n        screen = None\n        stacktrace = None\n    \n        end_time = time.monotonic() + self._timeout\n        while True:\n            try:\n                value = method(self._driver)\n                if value:\n                    return value\n            except self._ignored_exceptions as exc:\n                screen = getattr(exc, \"screen\", None)\n                stacktrace = getattr(exc, \"stacktrace\", None)\n            time.sleep(self._poll)\n            if time.monotonic() > end_time:\n                break\n>       raise TimeoutException(message, screen, stacktrace)\nE       selenium.common.exceptions.TimeoutException: Message: \nE       Stacktrace:\nE       #0 0x557f5afd113a <unknown>\nE       #1 0x557f5acb75e0 <unknown>\nE       #2 0x557f5ad06be8 <unknown>\nE       #3 0x557f5ad06e81 <unknown>\nE       #4 0x557f5ad4d8c4 <unknown>\nE       #5 0x557f5ad2bb4d <unknown>\nE       #6 0x557f5ad4ad7d <unknown>\nE       #7 0x557f5ad2b8c3 <unknown>\nE       #8 0x557f5acf96b3 <unknown>\nE       #9 0x557f5acfa68e <unknown>\nE       #10 0x557f5af9bb3b <unknown>\nE       #11 0x557f5af9fac1 <unknown>\nE       #12 0x557f5af88335 <unknown>\nE       #13 0x557f5afa0642 <unknown>\nE       #14 0x557f5af6d49f <unknown>\nE       #15 0x557f5afc0038 <unknown>\nE       #16 0x557f5afc0203 <unknown>\nE       #17 0x557f5afcff8c <unknown>\nE       #18 0x7f567974ca94 <unknown>\nE       #19 0x7f56797d9c3c <unknown>\n\nmyenv\\Lib\\site-packages\\selenium\\webdriver\\support\\wait.py:105: TimeoutException"}, "steps": [{"name": "Abrir la página de Equipos", "status": "passed", "start": 1728758056684, "stop": 1728758062443}, {"name": "Verificar la existencia de los equipos", "status": "passed", "start": 1728758062443, "stop": 1728758063028}, {"name": "Verificar el funcionamiento de la barra de navegación y volver a Equipos", "status": "broken", "statusDetails": {"message": "selenium.common.exceptions.TimeoutException: Message: \nStacktrace:\n#0 0x557f5afd113a <unknown>\n#1 0x557f5acb75e0 <unknown>\n#2 0x557f5ad06be8 <unknown>\n#3 0x557f5ad06e81 <unknown>\n#4 0x557f5ad4d8c4 <unknown>\n#5 0x557f5ad2bb4d <unknown>\n#6 0x557f5ad4ad7d <unknown>\n#7 0x557f5ad2b8c3 <unknown>\n#8 0x557f5acf96b3 <unknown>\n#9 0x557f5acfa68e <unknown>\n#10 0x557f5af9bb3b <unknown>\n#11 0x557f5af9fac1 <unknown>\n#12 0x557f5af88335 <unknown>\n#13 0x557f5afa0642 <unknown>\n#14 0x557f5af6d49f <unknown>\n#15 0x557f5afc0038 <unknown>\n#16 0x557f5afc0203 <unknown>\n#17 0x557f5afcff8c <unknown>\n#18 0x7f567974ca94 <unknown>\n#19 0x7f56797d9c3c <unknown>\n\n", "trace": "  File \"C:\\Users\\HP\\proyecto-si8811a-2024-ii-u1-pruebas-cano-valverde\\LocalDockerTests\\Version_estable_4\\Features\\steps\\test_equipos_steps.py\", line 40, in test_verificar_equipos_y_barra_navegacion\n    menu_button = WebDriverWait(driver, 20).until(\n                  ^^^^^^^^^^^^^^^^^^^^^^^^^^^^^^^^\n  File \"C:\\Users\\HP\\proyecto-si8811a-2024-ii-u1-pruebas-cano-valverde\\LocalDockerTests\\Version_estable_4\\myenv\\Lib\\site-packages\\selenium\\webdriver\\support\\wait.py\", line 105, in until\n    raise TimeoutException(message, screen, stacktrace)\n"}, "steps": [{"name": "Hacer clic en el menú 'Inicio'", "status": "passed", "start": 1728758063028, "stop": 1728758065348}, {"name": "Hacer clic en el menú 'Acerca de'", "status": "passed", "start": 1728758065348, "stop": 1728758067652}, {"name": "Hacer clic en el menú 'Eventos'", "status": "passed", "start": 1728758067652, "stop": 1728758069935}, {"name": "Hacer clic en el menú 'Participantes'", "status": "broken", "statusDetails": {"message": "selenium.common.exceptions.TimeoutException: Message: \nStacktrace:\n#0 0x557f5afd113a <unknown>\n#1 0x557f5acb75e0 <unknown>\n#2 0x557f5ad06be8 <unknown>\n#3 0x557f5ad06e81 <unknown>\n#4 0x557f5ad4d8c4 <unknown>\n#5 0x557f5ad2bb4d <unknown>\n#6 0x557f5ad4ad7d <unknown>\n#7 0x557f5ad2b8c3 <unknown>\n#8 0x557f5acf96b3 <unknown>\n#9 0x557f5acfa68e <unknown>\n#10 0x557f5af9bb3b <unknown>\n#11 0x557f5af9fac1 <unknown>\n#12 0x557f5af88335 <unknown>\n#13 0x557f5afa0642 <unknown>\n#14 0x557f5af6d49f <unknown>\n#15 0x557f5afc0038 <unknown>\n#16 0x557f5afc0203 <unknown>\n#17 0x557f5afcff8c <unknown>\n#18 0x7f567974ca94 <unknown>\n#19 0x7f56797d9c3c <unknown>\n\n", "trace": "  File \"C:\\Users\\HP\\proyecto-si8811a-2024-ii-u1-pruebas-cano-valverde\\LocalDockerTests\\Version_estable_4\\Features\\steps\\test_equipos_steps.py\", line 40, in test_verificar_equipos_y_barra_navegacion\n    menu_button = WebDriverWait(driver, 20).until(\n                  ^^^^^^^^^^^^^^^^^^^^^^^^^^^^^^^^\n  File \"C:\\Users\\HP\\proyecto-si8811a-2024-ii-u1-pruebas-cano-valverde\\LocalDockerTests\\Version_estable_4\\myenv\\Lib\\site-packages\\selenium\\webdriver\\support\\wait.py\", line 105, in until\n    raise TimeoutException(message, screen, stacktrace)\n"}, "start": 1728758069935, "stop": 1728758090236}], "start": 1728758063028, "stop": 1728758090236}], "parameters": [{"name": "driver", "value": "'chrome'"}], "start": 1728758056684, "stop": 1728758090236, "uuid": "d5845ac1-a0cf-421d-b104-bf62eca66a49", "historyId": "c3c2a8c1f44c4b7e4c1fa4d3374d2593", "testCaseId": "9a70d443e719e4c69a16ca0f8be7403e", "fullName": "Features.steps.test_equipos_steps#test_verificar_equipos_y_barra_navegacion", "labels": [{"name": "story", "value": "Verificación de equipos y barra de navegación en la página Equipos"}, {"name": "feature", "value": "Pruebas Equipos"}, {"name": "tag", "value": "edge"}, {"name": "tag", "value": "firefox"}, {"name": "tag", "value": "chrome"}, {"name": "parentSuite", "value": "Features.steps"}, {"name": "suite", "value": "test_equipos_steps"}, {"name": "host", "value": "DESKTOP-SIPFVOG"}, {"name": "thread", "value": "7388-MainThread"}, {"name": "framework", "value": "pytest"}, {"name": "language", "value": "cpython3"}, {"name": "package", "value": "Features.steps.test_equipos_steps"}]}