{"name": "test_filtrar_eventos_destacados_facultad", "status": "broken", "statusDetails": {"message": "selenium.common.exceptions.TimeoutException: Message: \nStacktrace:\n#0 0x55e244ab513a <unknown>\n#1 0x55e24479b5e0 <unknown>\n#2 0x55e2447eabe8 <unknown>\n#3 0x55e2447eae81 <unknown>\n#4 0x55e2448318c4 <unknown>\n#5 0x55e24480fb4d <unknown>\n#6 0x55e24482ed7d <unknown>\n#7 0x55e24480f8c3 <unknown>\n#8 0x55e2447dd6b3 <unknown>\n#9 0x55e2447de68e <unknown>\n#10 0x55e244a7fb3b <unknown>\n#11 0x55e244a83ac1 <unknown>\n#12 0x55e244a6c335 <unknown>\n#13 0x55e244a84642 <unknown>\n#14 0x55e244a5149f <unknown>\n#15 0x55e244aa4038 <unknown>\n#16 0x55e244aa4203 <unknown>\n#17 0x55e244ab3f8c <unknown>\n#18 0x7f5fa6294a94 <unknown>\n#19 0x7f5fa6321c3c <unknown>", "trace": "driver = <selenium.webdriver.remote.webdriver.WebDriver (session=\"cd6514a87fe687e1cfd5b97483e13a32\")>\n\n>   ???\n\nC:\\Users\\Jean_\\proyecto-si8811a-2024-ii-u1-pruebas-cano-valverde\\Valverde-Cano-Pruebas\\Features\\steps\\test_home_steps.py:53: \n_ _ _ _ _ _ _ _ _ _ _ _ _ _ _ _ _ _ _ _ _ _ _ _ _ _ _ _ _ _ _ _ _ _ _ _ _ _ _ _ _ _ _ _ _ _ _ _ _ _ _ _ _ _ _ _ _ _ _ _ _ _ _ _ _ _ _ _ _ _ _ _ _ _ _ _ _ _ _ _ _ _ _ _ _ _ _ _ _ _ _ _ _ _ _ _ _ _ _ _ _ _ _ _ _ _\n\nself = <selenium.webdriver.support.wait.WebDriverWait (session=\"cd6514a87fe687e1cfd5b97483e13a32\")>, method = <function element_to_be_clickable.<locals>._predicate at 0x000002D83E47D760>, message = ''\n\n    def until(self, method: Callable[[D], Union[Literal[False], T]], message: str = \"\") -> T:\n        \"\"\"Calls the method provided with the driver as an argument until the \\\n        return value does not evaluate to ``False``.\n    \n        :param method: callable(WebDriver)\n        :param message: optional message for :exc:`TimeoutException`\n        :returns: the result of the last call to `method`\n        :raises: :exc:`selenium.common.exceptions.TimeoutException` if timeout occurs\n        \"\"\"\n        screen = None\n        stacktrace = None\n    \n        end_time = time.monotonic() + self._timeout\n        while True:\n            try:\n                value = method(self._driver)\n                if value:\n                    return value\n            except self._ignored_exceptions as exc:\n                screen = getattr(exc, \"screen\", None)\n                stacktrace = getattr(exc, \"stacktrace\", None)\n            time.sleep(self._poll)\n            if time.monotonic() > end_time:\n                break\n>       raise TimeoutException(message, screen, stacktrace)\nE       selenium.common.exceptions.TimeoutException: Message: \nE       Stacktrace:\nE       #0 0x55e244ab513a <unknown>\nE       #1 0x55e24479b5e0 <unknown>\nE       #2 0x55e2447eabe8 <unknown>\nE       #3 0x55e2447eae81 <unknown>\nE       #4 0x55e2448318c4 <unknown>\nE       #5 0x55e24480fb4d <unknown>\nE       #6 0x55e24482ed7d <unknown>\nE       #7 0x55e24480f8c3 <unknown>\nE       #8 0x55e2447dd6b3 <unknown>\nE       #9 0x55e2447de68e <unknown>\nE       #10 0x55e244a7fb3b <unknown>\nE       #11 0x55e244a83ac1 <unknown>\nE       #12 0x55e244a6c335 <unknown>\nE       #13 0x55e244a84642 <unknown>\nE       #14 0x55e244a5149f <unknown>\nE       #15 0x55e244aa4038 <unknown>\nE       #16 0x55e244aa4203 <unknown>\nE       #17 0x55e244ab3f8c <unknown>\nE       #18 0x7f5fa6294a94 <unknown>\nE       #19 0x7f5fa6321c3c <unknown>\n\nmyenv\\Lib\\site-packages\\selenium\\webdriver\\support\\wait.py:105: TimeoutException"}, "steps": [{"name": "Abrir la página principal", "status": "passed", "start": 1728159675409, "stop": 1728159676477}, {"name": "Seleccionar cada facultad desde el dropdown en la página principal", "status": "broken", "statusDetails": {"message": "selenium.common.exceptions.TimeoutException: Message: \nStacktrace:\n#0 0x55e244ab513a <unknown>\n#1 0x55e24479b5e0 <unknown>\n#2 0x55e2447eabe8 <unknown>\n#3 0x55e2447eae81 <unknown>\n#4 0x55e2448318c4 <unknown>\n#5 0x55e24480fb4d <unknown>\n#6 0x55e24482ed7d <unknown>\n#7 0x55e24480f8c3 <unknown>\n#8 0x55e2447dd6b3 <unknown>\n#9 0x55e2447de68e <unknown>\n#10 0x55e244a7fb3b <unknown>\n#11 0x55e244a83ac1 <unknown>\n#12 0x55e244a6c335 <unknown>\n#13 0x55e244a84642 <unknown>\n#14 0x55e244a5149f <unknown>\n#15 0x55e244aa4038 <unknown>\n#16 0x55e244aa4203 <unknown>\n#17 0x55e244ab3f8c <unknown>\n#18 0x7f5fa6294a94 <unknown>\n#19 0x7f5fa6321c3c <unknown>\n\n", "trace": "  File \"C:\\Users\\Jean_\\proyecto-si8811a-2024-ii-u1-pruebas-cano-valverde\\Valverde-Cano-Pruebas\\Features\\steps\\test_home_steps.py\", line 53, in test_filtrar_eventos_destacados_facultad\n  File \"C:\\Users\\HP\\Desktop\\Valverde-Cano-Pruebas\\myenv\\Lib\\site-packages\\selenium\\webdriver\\support\\wait.py\", line 105, in until\n    raise TimeoutException(message, screen, stacktrace)\n"}, "start": 1728159676477, "stop": 1728159686649}], "start": 1728159675409, "stop": 1728159686650, "uuid": "bdaab397-34cf-46f7-85f1-0059d8d5479a", "historyId": "a0c5fa2b86cedff7805d19046b5d3cf4", "testCaseId": "a0c5fa2b86cedff7805d19046b5d3cf4", "fullName": "Features.steps.test_home_steps#test_filtrar_eventos_destacados_facultad", "labels": [{"name": "tag", "value": "edge"}, {"name": "tag", "value": "firefox"}, {"name": "tag", "value": "chrome"}, {"name": "parentSuite", "value": "Features.steps"}, {"name": "suite", "value": "test_home_steps"}, {"name": "host", "value": "DESKTOP-SIPFVOG"}, {"name": "thread", "value": "9128-MainThread"}, {"name": "framework", "value": "pytest"}, {"name": "language", "value": "cpython3"}, {"name": "package", "value": "Features.steps.test_home_steps"}]}